# JRE version: Java(TM) SE Runtime Environment (8.0_92-b14) (build 1.8.0_92-b14)
# Java VM: Java HotSpot(TM) 64-Bit Server VM (25.92-b14 mixed mode bsd-amd64 compressed oops)
Heap:
 PSYoungGen      total 237568K, used 171601K [0x0000000795580000, 0x00000007a4e80000, 0x00000007c0000000)
  eden space 219648K, 75% used [0x0000000795580000,0x000000079f8762f0,0x00000007a2c00000)
  from space 17920K, 26% used [0x00000007a3d00000,0x00000007a419e1f8,0x00000007a4e80000)
  to   space 17408K, 0% used [0x00000007a2c00000,0x00000007a2c00000,0x00000007a3d00000)
 ParOldGen       total 60416K, used 8303K [0x0000000740000000, 0x0000000743b00000, 0x0000000795580000)
  object space 60416K, 13% used [0x0000000740000000,0x000000074081be80,0x0000000743b00000)
 Metaspace       used 26673K, capacity 26946K, committed 27136K, reserved 1073152K
  class space    used 3222K, capacity 3313K, committed 3328K, reserved 1048576K
GC Heap History (10 events):
Event: 1.968 GC heap before
{Heap before GC invocations=5 (full 0):
 PSYoungGen      total 71680K, used 6418K [0x0000000795580000, 0x000000079a080000, 0x00000007c0000000)
  eden space 66560K, 1% used [0x0000000795580000,0x00000007956c8af0,0x0000000799680000)
  from space 5120K, 99% used [0x0000000799b80000,0x000000079a07c050,0x000000079a080000)
  to   space 5120K, 0% used [0x0000000799680000,0x0000000799680000,0x0000000799b80000)
 ParOldGen       total 87552K, used 23518K [0x0000000740000000, 0x0000000745580000, 0x0000000795580000)
  object space 87552K, 26% used [0x0000000740000000,0x00000007416f7b60,0x0000000745580000)
 Metaspace       used 20831K, capacity 21012K, committed 21248K, reserved 1069056K
  class space    used 2382K, capacity 2468K, committed 2560K, reserved 1048576K
Event: 1.973 GC heap after
Heap after GC invocations=5 (full 0):
 PSYoungGen      total 71680K, used 5111K [0x0000000795580000, 0x000000079fc80000, 0x00000007c0000000)
  eden space 66560K, 0% used [0x0000000795580000,0x0000000795580000,0x0000000799680000)
  from space 5120K, 99% used [0x0000000799680000,0x0000000799b7de28,0x0000000799b80000)
  to   space 18944K, 0% used [0x000000079ea00000,0x000000079ea00000,0x000000079fc80000)
 ParOldGen       total 87552K, used 23686K [0x0000000740000000, 0x0000000745580000, 0x0000000795580000)
  object space 87552K, 27% used [0x0000000740000000,0x0000000741721b70,0x0000000745580000)
 Metaspace       used 20831K, capacity 21012K, committed 21248K, reserved 1069056K
  class space    used 2382K, capacity 2468K, committed 2560K, reserved 1048576K
}
Event: 1.973 GC heap before
{Heap before GC invocations=6 (full 1):
 PSYoungGen      total 71680K, used 5111K [0x0000000795580000, 0x000000079fc80000, 0x00000007c0000000)
  eden space 66560K, 0% used [0x0000000795580000,0x0000000795580000,0x0000000799680000)
  from space 5120K, 99% used [0x0000000799680000,0x0000000799b7de28,0x0000000799b80000)
  to   space 18944K, 0% used [0x000000079ea00000,0x000000079ea00000,0x000000079fc80000)
 ParOldGen       total 87552K, used 23686K [0x0000000740000000, 0x0000000745580000, 0x0000000795580000)
  object space 87552K, 27% used [0x0000000740000000,0x0000000741721b70,0x0000000745580000)
 Metaspace       used 20831K, capacity 21012K, committed 21248K, reserved 1069056K
  class space    used 2382K, capacity 2468K, committed 2560K, reserved 1048576K
Event: 2.005 GC heap after
Heap after GC invocations=6 (full 1):
 PSYoungGen      total 71680K, used 0K [0x0000000795580000, 0x000000079fc80000, 0x00000007c0000000)
  eden space 66560K, 0% used [0x0000000795580000,0x0000000795580000,0x0000000799680000)
  from space 5120K, 0% used [0x0000000799680000,0x0000000799680000,0x0000000799b80000)
  to   space 18944K, 0% used [0x000000079ea00000,0x000000079ea00000,0x000000079fc80000)
 ParOldGen       total 60416K, used 8287K [0x0000000740000000, 0x0000000743b00000, 0x0000000795580000)
  object space 60416K, 13% used [0x0000000740000000,0x0000000740817e80,0x0000000743b00000)
 Metaspace       used 20831K, capacity 21012K, committed 21248K, reserved 1069056K
  class space    used 2382K, capacity 2468K, committed 2560K, reserved 1048576K
}
Event: 2.806 GC heap before
{Heap before GC invocations=7 (full 1):
 PSYoungGen      total 71680K, used 66560K [0x0000000795580000, 0x000000079fc80000, 0x00000007c0000000)
  eden space 66560K, 100% used [0x0000000795580000,0x0000000799680000,0x0000000799680000)
  from space 5120K, 0% used [0x0000000799680000,0x0000000799680000,0x0000000799b80000)
  to   space 18944K, 0% used [0x000000079ea00000,0x000000079ea00000,0x000000079fc80000)
 ParOldGen       total 60416K, used 8287K [0x0000000740000000, 0x0000000743b00000, 0x0000000795580000)
  object space 60416K, 13% used [0x0000000740000000,0x0000000740817e80,0x0000000743b00000)
 Metaspace       used 26504K, capacity 26812K, committed 27136K, reserved 1073152K
  class space    used 3203K, capacity 3312K, committed 3328K, reserved 1048576K
Event: 2.813 GC heap after
Heap after GC invocations=7 (full 1):
 PSYoungGen      total 130560K, used 8226K [0x0000000795580000, 0x000000079f280000, 0x00000007c0000000)
  eden space 121856K, 0% used [0x0000000795580000,0x0000000795580000,0x000000079cc80000)
  from space 8704K, 94% used [0x000000079ea00000,0x000000079f208808,0x000000079f280000)
  to   space 17920K, 0% used [0x000000079cf80000,0x000000079cf80000,0x000000079e100000)
 ParOldGen       total 60416K, used 8295K [0x0000000740000000, 0x0000000743b00000, 0x0000000795580000)
  object space 60416K, 13% used [0x0000000740000000,0x0000000740819e80,0x0000000743b00000)
 Metaspace       used 26504K, capacity 26812K, committed 27136K, reserved 1073152K
  class space    used 3203K, capacity 3312K, committed 3328K, reserved 1048576K
}
Event: 2.992 GC heap before
{Heap before GC invocations=8 (full 1):
 PSYoungGen      total 130560K, used 130082K [0x0000000795580000, 0x000000079f280000, 0x00000007c0000000)
  eden space 121856K, 100% used [0x0000000795580000,0x000000079cc80000,0x000000079cc80000)
  from space 8704K, 94% used [0x000000079ea00000,0x000000079f208808,0x000000079f280000)
  to   space 17920K, 0% used [0x000000079cf80000,0x000000079cf80000,0x000000079e100000)
 ParOldGen       total 60416K, used 8295K [0x0000000740000000, 0x0000000743b00000, 0x0000000795580000)
  object space 60416K, 13% used [0x0000000740000000,0x0000000740819e80,0x0000000743b00000)
 Metaspace       used 26504K, capacity 26812K, committed 27136K, reserved 1073152K
  class space    used 3203K, capacity 3312K, committed 3328K, reserved 1048576K
Event: 2.996 GC heap after
Heap after GC invocations=8 (full 1):
 PSYoungGen      total 142848K, used 4765K [0x0000000795580000, 0x00000007a4e80000, 0x00000007c0000000)
  eden space 124928K, 0% used [0x0000000795580000,0x0000000795580000,0x000000079cf80000)
  from space 17920K, 26% used [0x000000079cf80000,0x000000079d4275a8,0x000000079e100000)
  to   space 17920K, 0% used [0x00000007a3d00000,0x00000007a3d00000,0x00000007a4e80000)
 ParOldGen       total 60416K, used 8295K [0x0000000740000000, 0x0000000743b00000, 0x0000000795580000)
  object space 60416K, 13% used [0x0000000740000000,0x0000000740819e80,0x0000000743b00000)
 Metaspace       used 26504K, capacity 26812K, committed 27136K, reserved 1073152K
  class space    used 3203K, capacity 3312K, committed 3328K, reserved 1048576K
}
Event: 3.230 GC heap before
{Heap before GC invocations=9 (full 1):
 PSYoungGen      total 142848K, used 129693K [0x0000000795580000, 0x00000007a4e80000, 0x00000007c0000000)
  eden space 124928K, 100% used [0x0000000795580000,0x000000079cf80000,0x000000079cf80000)
  from space 17920K, 26% used [0x000000079cf80000,0x000000079d4275a8,0x000000079e100000)
  to   space 17920K, 0% used [0x00000007a3d00000,0x00000007a3d00000,0x00000007a4e80000)
 ParOldGen       total 60416K, used 8295K [0x0000000740000000, 0x0000000743b00000, 0x0000000795580000)
  object space 60416K, 13% used [0x0000000740000000,0x0000000740819e80,0x0000000743b00000)
 Metaspace       used 26504K, capacity 26812K, committed 27136K, reserved 1073152K
  class space    used 3203K, capacity 3312K, committed 3328K, reserved 1048576K
Event: 3.234 GC heap after
Heap after GC invocations=9 (full 1):
 PSYoungGen      total 237568K, used 4728K [0x0000000795580000, 0x00000007a4e80000, 0x00000007c0000000)
  eden space 219648K, 0% used [0x0000000795580000,0x0000000795580000,0x00000007a2c00000)
  from space 17920K, 26% used [0x00000007a3d00000,0x00000007a419e1f8,0x00000007a4e80000)
  to   space 17408K, 0% used [0x00000007a2c00000,0x00000007a2c00000,0x00000007a3d00000)
 ParOldGen       total 60416K, used 8303K [0x0000000740000000, 0x0000000743b00000, 0x0000000795580000)
  object space 60416K, 13% used [0x0000000740000000,0x000000074081be80,0x0000000743b00000)
 Metaspace       used 26504K, capacity 26812K, committed 27136K, reserved 1073152K
  class space    used 3203K, capacity 3312K, committed 3328K, reserved 1048576K
}

